# JRE version: OpenJDK Runtime Environment (8.0_76-b03) (build 1.8.0_76-release-b03)
# Java VM: OpenJDK 64-Bit Server VM (25.76-b03 mixed mode linux-amd64 compressed oops)
Heap:
 PSYoungGen      total 313344K, used 129984K [0x00000000eab00000, 0x00000000ffa80000, 0x0000000100000000)
  eden space 283136K, 45% used [0x00000000eab00000,0x00000000f29f03e8,0x00000000fbf80000)
  from space 30208K, 0% used [0x00000000fdd00000,0x00000000fdd00000,0x00000000ffa80000)
  to   space 30208K, 0% used [0x00000000fbf80000,0x00000000fbf80000,0x00000000fdd00000)
 ParOldGen       total 142848K, used 40166K [0x00000000c0000000, 0x00000000c8b80000, 0x00000000eab00000)
  object space 142848K, 28% used [0x00000000c0000000,0x00000000c2739ba8,0x00000000c8b80000)
 Metaspace       used 65841K, capacity 68014K, committed 68864K, reserved 1110016K
  class space    used 8306K, capacity 8771K, committed 8960K, reserved 1048576K
GC Heap History (10 events):
Event: 923,637 GC heap before
{Heap before GC invocations=26 (full 4):
 PSYoungGen      total 313344K, used 280576K [0x00000000eab00000, 0x00000000ffe00000, 0x0000000100000000)
  eden space 280576K, 100% used [0x00000000eab00000,0x00000000fbd00000,0x00000000fbd00000)
  from space 32768K, 0% used [0x00000000fbd00000,0x00000000fbd00000,0x00000000fdd00000)
  to   space 33280K, 0% used [0x00000000fdd80000,0x00000000fdd80000,0x00000000ffe00000)
 ParOldGen       total 142848K, used 42070K [0x00000000c0000000, 0x00000000c8b80000, 0x00000000eab00000)
  object space 142848K, 29% used [0x00000000c0000000,0x00000000c29158a0,0x00000000c8b80000)
 Metaspace       used 65605K, capacity 67504K, committed 67712K, reserved 1107968K
  class space    used 8360K, capacity 8810K, committed 8832K, reserved 1048576K
Event: 923,663 GC heap after
Heap after GC invocations=26 (full 4):
 PSYoungGen      total 314880K, used 8431K [0x00000000eab00000, 0x00000000ffd80000, 0x0000000100000000)
  eden space 282112K, 0% used [0x00000000eab00000,0x00000000eab00000,0x00000000fbe80000)
  from space 32768K, 25% used [0x00000000fdd80000,0x00000000fe5bbed8,0x00000000ffd80000)
  to   space 31744K, 0% used [0x00000000fbe80000,0x00000000fbe80000,0x00000000fdd80000)
 ParOldGen       total 142848K, used 42078K [0x00000000c0000000, 0x00000000c8b80000, 0x00000000eab00000)
  object space 142848K, 29% used [0x00000000c0000000,0x00000000c29178a0,0x00000000c8b80000)
 Metaspace       used 65605K, capacity 67504K, committed 67712K, reserved 1107968K
  class space    used 8360K, capacity 8810K, committed 8832K, reserved 1048576K
}
Event: 925,807 GC heap before
{Heap before GC invocations=27 (full 4):
 PSYoungGen      total 314880K, used 196609K [0x00000000eab00000, 0x00000000ffd80000, 0x0000000100000000)
  eden space 282112K, 66% used [0x00000000eab00000,0x00000000f62c46a8,0x00000000fbe80000)
  from space 32768K, 25% used [0x00000000fdd80000,0x00000000fe5bbed8,0x00000000ffd80000)
  to   space 31744K, 0% used [0x00000000fbe80000,0x00000000fbe80000,0x00000000fdd80000)
 ParOldGen       total 142848K, used 42078K [0x00000000c0000000, 0x00000000c8b80000, 0x00000000eab00000)
  object space 142848K, 29% used [0x00000000c0000000,0x00000000c29178a0,0x00000000c8b80000)
 Metaspace       used 65667K, capacity 67708K, committed 67968K, reserved 1107968K
  class space    used 8362K, capacity 8812K, committed 8832K, reserved 1048576K
Event: 925,818 GC heap after
Heap after GC invocations=27 (full 4):
 PSYoungGen      total 291840K, used 9678K [0x00000000eab00000, 0x00000000ffa80000, 0x0000000100000000)
  eden space 282112K, 0% used [0x00000000eab00000,0x00000000eab00000,0x00000000fbe80000)
  from space 9728K, 99% used [0x00000000fbe80000,0x00000000fc7f39c8,0x00000000fc800000)
  to   space 30208K, 0% used [0x00000000fdd00000,0x00000000fdd00000,0x00000000ffa80000)
 ParOldGen       total 142848K, used 43057K [0x00000000c0000000, 0x00000000c8b80000, 0x00000000eab00000)
  object space 142848K, 30% used [0x00000000c0000000,0x00000000c2a0c7b0,0x00000000c8b80000)
 Metaspace       used 65667K, capacity 67708K, committed 67968K, reserved 1107968K
  class space    used 8362K, capacity 8812K, committed 8832K, reserved 1048576K
}
Event: 925,819 GC heap before
{Heap before GC invocations=28 (full 5):
 PSYoungGen      total 291840K, used 9678K [0x00000000eab00000, 0x00000000ffa80000, 0x0000000100000000)
  eden space 282112K, 0% used [0x00000000eab00000,0x00000000eab00000,0x00000000fbe80000)
  from space 9728K, 99% used [0x00000000fbe80000,0x00000000fc7f39c8,0x00000000fc800000)
  to   space 30208K, 0% used [0x00000000fdd00000,0x00000000fdd00000,0x00000000ffa80000)
 ParOldGen       total 142848K, used 43057K [0x00000000c0000000, 0x00000000c8b80000, 0x00000000eab00000)
  object space 142848K, 30% used [0x00000000c0000000,0x00000000c2a0c7b0,0x00000000c8b80000)
 Metaspace       used 65667K, capacity 67708K, committed 67968K, reserved 1107968K
  class space    used 8362K, capacity 8812K, committed 8832K, reserved 1048576K
Event: 926,501 GC heap after
Heap after GC invocations=28 (full 5):
 PSYoungGen      total 291840K, used 0K [0x00000000eab00000, 0x00000000ffa80000, 0x0000000100000000)
  eden space 282112K, 0% used [0x00000000eab00000,0x00000000eab00000,0x00000000fbe80000)
  from space 9728K, 0% used [0x00000000fbe80000,0x00000000fbe80000,0x00000000fc800000)
  to   space 30208K, 0% used [0x00000000fdd00000,0x00000000fdd00000,0x00000000ffa80000)
 ParOldGen       total 142848K, used 50983K [0x00000000c0000000, 0x00000000c8b80000, 0x00000000eab00000)
  object space 142848K, 35% used [0x00000000c0000000,0x00000000c31c9d58,0x00000000c8b80000)
 Metaspace       used 65667K, capacity 67708K, committed 67968K, reserved 1107968K
  class space    used 8362K, capacity 8812K, committed 8832K, reserved 1048576K
}
Event: 1112,096 GC heap before
{Heap before GC invocations=29 (full 5):
 PSYoungGen      total 291840K, used 266905K [0x00000000eab00000, 0x00000000ffa80000, 0x0000000100000000)
  eden space 282112K, 94% used [0x00000000eab00000,0x00000000fafa64d8,0x00000000fbe80000)
  from space 9728K, 0% used [0x00000000fbe80000,0x00000000fbe80000,0x00000000fc800000)
  to   space 30208K, 0% used [0x00000000fdd00000,0x00000000fdd00000,0x00000000ffa80000)
 ParOldGen       total 142848K, used 50983K [0x00000000c0000000, 0x00000000c8b80000, 0x00000000eab00000)
  object space 142848K, 35% used [0x00000000c0000000,0x00000000c31c9d58,0x00000000c8b80000)
 Metaspace       used 66443K, capacity 68648K, committed 68864K, reserved 1110016K
  class space    used 8419K, capacity 8888K, committed 8960K, reserved 1048576K
Event: 1112,106 GC heap after
Heap after GC invocations=29 (full 5):
 PSYoungGen      total 313344K, used 2603K [0x00000000eab00000, 0x00000000ffa80000, 0x0000000100000000)
  eden space 283136K, 0% used [0x00000000eab00000,0x00000000eab00000,0x00000000fbf80000)
  from space 30208K, 8% used [0x00000000fdd00000,0x00000000fdf8afd0,0x00000000ffa80000)
  to   space 30208K, 0% used [0x00000000fbf80000,0x00000000fbf80000,0x00000000fdd00000)
 ParOldGen       total 142848K, used 50991K [0x00000000c0000000, 0x00000000c8b80000, 0x00000000eab00000)
  object space 142848K, 35% used [0x00000000c0000000,0x00000000c31cbd58,0x00000000c8b80000)
 Metaspace       used 66443K, capacity 68648K, committed 68864K, reserved 1110016K
  class space    used 8419K, capacity 8888K, committed 8960K, reserved 1048576K
}
Event: 1112,106 GC heap before
{Heap before GC invocations=30 (full 6):
 PSYoungGen      total 313344K, used 2603K [0x00000000eab00000, 0x00000000ffa80000, 0x0000000100000000)
  eden space 283136K, 0% used [0x00000000eab00000,0x00000000eab00000,0x00000000fbf80000)
  from space 30208K, 8% used [0x00000000fdd00000,0x00000000fdf8afd0,0x00000000ffa80000)
  to   space 30208K, 0% used [0x00000000fbf80000,0x00000000fbf80000,0x00000000fdd00000)
 ParOldGen       total 142848K, used 50991K [0x00000000c0000000, 0x00000000c8b80000, 0x00000000eab00000)
  object space 142848K, 35% used [0x00000000c0000000,0x00000000c31cbd58,0x00000000c8b80000)
 Metaspace       used 66443K, capacity 68648K, committed 68864K, reserved 1110016K
  class space    used 8419K, capacity 8888K, committed 8960K, reserved 1048576K
Event: 1112,587 GC heap after
Heap after GC invocations=30 (full 6):
 PSYoungGen      total 313344K, used 0K [0x00000000eab00000, 0x00000000ffa80000, 0x0000000100000000)
  eden space 283136K, 0% used [0x00000000eab00000,0x00000000eab00000,0x00000000fbf80000)
  from space 30208K, 0% used [0x00000000fdd00000,0x00000000fdd00000,0x00000000ffa80000)
  to   space 30208K, 0% used [0x00000000fbf80000,0x00000000fbf80000,0x00000000fdd00000)
 ParOldGen       total 142848K, used 40166K [0x00000000c0000000, 0x00000000c8b80000, 0x00000000eab00000)
  object space 142848K, 28% used [0x00000000c0000000,0x00000000c2739ba8,0x00000000c8b80000)
 Metaspace       used 65556K, capacity 67638K, committed 68864K, reserved 1110016K
  class space    used 8281K, capacity 8711K, committed 8960K, reserved 1048576K
}

